 total_employees 
-----------------
              53
(1 row)

 first_name | last_name 
------------+-----------
 Bob        | Johnson
 Charlie    | Brown
 Hannah     | Martinez
 Noah       | Lewis
 Liam       | Clark
 Emma       | Davis
 Olivia     | Taylor
 Lucas      | Baker
 Ava        | Evans
 William    | Nelson
(10 rows)

 department_name  | highest_salary | lowest_salary 
------------------+----------------+---------------
 Operations       |      131000.00 |     121000.00
 Finance          |       76000.00 |      62000.00
 Sales            |      107000.00 |      93000.00
 HR               |       60000.00 |      50000.00
 Legal            |      143000.00 |      91000.00
 IT               |       94000.00 |      67000.00
 Customer Support |      119000.00 |     109000.00
 Marketing        |       91000.00 |      78000.00
(8 rows)

